<?xml version="1.0" encoding="UTF-8"?>
<!-- Generated by org.testng.reporters.JUnitReportReporter -->
<testsuite skipped="0" hostname="DESKTOP-OEKSL2D" name="TestRunner" tests="1" failures="0" timestamp="08 aoÃ»t 2021 14:03:27 GMT" time="0.083" errors="0">
  <testcase name="feature" time="0.083" classname="TestRunner"/>
</testsuite> <!-- TestRunner -->
